#-----------------------------------------------------------
# Vivado v2020.2 (64-bit)
# SW Build 3064766 on Wed Nov 18 09:12:45 MST 2020
# IP Build 3064653 on Wed Nov 18 14:17:31 MST 2020
# Start of session at: Fri Jan  5 17:06:35 2024
# Process ID: 16404
# Current directory: C:/Users/86198/Desktop/vivadoProject/PopStar
# Command line: vivado.exe -gui_launcher_event rodinguilauncherevent24828 C:\Users\86198\Desktop\vivadoProject\PopStar\PopStar.xpr
# Log file: C:/Users/86198/Desktop/vivadoProject/PopStar/vivado.log
# Journal file: C:/Users/86198/Desktop/vivadoProject/PopStar\vivado.jou
#-----------------------------------------------------------
start_gui
open_project C:/Users/86198/Desktop/vivadoProject/PopStar/PopStar.xpr
WARNING: [filemgmt 56-3] Default IP Output Path : Could not find the directory 'C:/Users/86198/Desktop/vivadoProject/PopStar/PopStar.gen/sources_1'.
CRITICAL WARNING: [Project 1-19] Could not find the file 'C:/Users/86198/Desktop/vivadoProject/DD_Project/IO/VGA/vga_clkdiv.v'.
Scanning sources...
Finished scanning sources
INFO: [IP_Flow 19-234] Refreshing IP repositories
INFO: [IP_Flow 19-1704] No user IP repositories specified
INFO: [IP_Flow 19-2313] Loaded Vivado IP repository 'D:/tools/Xilinx/Vivado/2020.2/data/ip'.
open_project: Time (s): cpu = 00:00:06 ; elapsed = 00:00:07 . Memory (MB): peak = 1018.836 ; gain = 0.000
update_compile_order -fileset sources_1
export_ip_user_files -of_objects  [get_files C:/users/86198/desktop/vivadoproject/dd_project/IpCoreDir/component.xml] -no_script -reset -force -quiet
remove_files  C:/users/86198/desktop/vivadoproject/dd_project/IpCoreDir/component.xml
export_ip_user_files -of_objects  [get_files C:/Users/86198/Desktop/vivadoProject/DD_Project/IO/VGA/vga_clkdiv.v] -no_script -reset -force -quiet
remove_files  C:/Users/86198/Desktop/vivadoProject/DD_Project/IO/VGA/vga_clkdiv.v
WARNING: [IP_Flow 19-4067] Ignoring invalid widget type specified checkbox.Providing a default widget
WARNING: [IP_Flow 19-4067] Ignoring invalid widget type specified checkbox.Providing a default widget
create_ip -name blk_mem_gen -vendor xilinx.com -library ip -version 8.4 -module_name cover -dir C:/Users/86198/Desktop/vivadoProject/PopStar/IpCoreDir
set_property -dict [list CONFIG.Component_Name {cover} CONFIG.Write_Width_A {12} CONFIG.Write_Depth_A {307200} CONFIG.Read_Width_A {12} CONFIG.Write_Width_B {12} CONFIG.Read_Width_B {12}] [get_ips cover]
WARNING: [Vivado 12-3523] Attempt to change 'Component_Name' from 'cover' to 'cover' is not allowed and is ignored.
generate_target {instantiation_template} [get_files c:/Users/86198/Desktop/vivadoProject/PopStar/IpCoreDir/cover/cover.xci]
INFO: [IP_Flow 19-1686] Generating 'Instantiation Template' target for IP 'cover'...
update_compile_order -fileset sources_1
generate_target all [get_files  c:/Users/86198/Desktop/vivadoProject/PopStar/IpCoreDir/cover/cover.xci]
INFO: [IP_Flow 19-1686] Generating 'Synthesis' target for IP 'cover'...
INFO: [IP_Flow 19-1686] Generating 'Simulation' target for IP 'cover'...
INFO: [IP_Flow 19-1686] Generating 'Miscellaneous' target for IP 'cover'...
INFO: [IP_Flow 19-1686] Generating 'Change Log' target for IP 'cover'...
catch { config_ip_cache -export [get_ips -all cover] }
export_ip_user_files -of_objects [get_files c:/Users/86198/Desktop/vivadoProject/PopStar/IpCoreDir/cover/cover.xci] -no_script -sync -force -quiet
create_ip_run [get_files -of_objects [get_fileset sources_1] c:/Users/86198/Desktop/vivadoProject/PopStar/IpCoreDir/cover/cover.xci]
launch_runs cover_synth_1 -jobs 8
[Fri Jan  5 17:15:00 2024] Launched cover_synth_1...
Run output will be captured here: C:/Users/86198/Desktop/vivadoProject/PopStar/PopStar.runs/cover_synth_1/runme.log
export_simulation -of_objects [get_files c:/Users/86198/Desktop/vivadoProject/PopStar/IpCoreDir/cover/cover.xci] -directory C:/Users/86198/Desktop/vivadoProject/PopStar/PopStar.ip_user_files/sim_scripts -ip_user_files_dir C:/Users/86198/Desktop/vivadoProject/PopStar/PopStar.ip_user_files -ipstatic_source_dir C:/Users/86198/Desktop/vivadoProject/PopStar/PopStar.ip_user_files/ipstatic -lib_map_path [list {modelsim=C:/Users/86198/Desktop/vivadoProject/PopStar/PopStar.cache/compile_simlib/modelsim} {questa=C:/Users/86198/Desktop/vivadoProject/PopStar/PopStar.cache/compile_simlib/questa} {riviera=C:/Users/86198/Desktop/vivadoProject/PopStar/PopStar.cache/compile_simlib/riviera} {activehdl=C:/Users/86198/Desktop/vivadoProject/PopStar/PopStar.cache/compile_simlib/activehdl}] -use_ip_compiled_libs -force -quiet
WARNING: [IP_Flow 19-4067] Ignoring invalid widget type specified checkbox.Providing a default widget
WARNING: [IP_Flow 19-4067] Ignoring invalid widget type specified checkbox.Providing a default widget
INFO: [IP_Flow 19-3484] Absolute path of file 'c:/Users/86198/Desktop/vivadoProject/DD_Project/ROM_Process/cover/cover.coe' provided. It will be converted relative to IP Instance files '../../../../../DD_Project/ROM_Process/cover/cover.coe'
INFO: [IP_Flow 19-3484] Absolute path of file 'c:/Users/86198/Desktop/vivadoProject/DD_Project/ROM_Process/cover/cover.coe' provided. It will be converted relative to IP Instance files '../../../../../DD_Project/ROM_Process/cover/cover.coe'
export_ip_user_files -of_objects  [get_files c:/Users/86198/Desktop/vivadoProject/PopStar/IpCoreDir/cover/cover.xci] -no_script -reset -force -quiet
remove_files  -fileset cover c:/Users/86198/Desktop/vivadoProject/PopStar/IpCoreDir/cover/cover.xci
WARNING: [Vivado 12-1017] Problems encountered:
1. Failed to delete one or more files in run directory C:/Users/86198/Desktop/vivadoProject/PopStar/PopStar.runs/cover_synth_1

INFO: [Project 1-386] Moving file 'c:/Users/86198/Desktop/vivadoProject/PopStar/IpCoreDir/cover/cover.xci' from fileset 'cover' to fileset 'sources_1'.
WARNING: [IP_Flow 19-4067] Ignoring invalid widget type specified checkbox.Providing a default widget
WARNING: [IP_Flow 19-4067] Ignoring invalid widget type specified checkbox.Providing a default widget
WARNING: [IP_Flow 19-4067] Ignoring invalid widget type specified checkbox.Providing a default widget
WARNING: [IP_Flow 19-4067] Ignoring invalid widget type specified checkbox.Providing a default widget
INFO: [IP_Flow 19-3484] Absolute path of file 'c:/Users/86198/Desktop/vivadoProject/DD_Project/ROM_Process/cover/cover.coe' provided. It will be converted relative to IP Instance files '../../../../../DD_Project/ROM_Process/cover/cover.coe'
create_ip -name blk_mem_gen -vendor xilinx.com -library ip -version 8.4 -module_name blk_mem_gen_0
set_property -dict [list CONFIG.Write_Width_A {12} CONFIG.Write_Depth_A {307200} CONFIG.Read_Width_A {12} CONFIG.Write_Width_B {12} CONFIG.Read_Width_B {12} CONFIG.Load_Init_File {true} CONFIG.Coe_File {C:/Users/86198/Desktop/vivadoProject/DD_Project/ROM_Process/cover/cover.coe}] [get_ips blk_mem_gen_0]
INFO: [IP_Flow 19-3484] Absolute path of file 'c:/Users/86198/Desktop/vivadoProject/DD_Project/ROM_Process/cover/cover.coe' provided. It will be converted relative to IP Instance files '../../../../../DD_Project/ROM_Process/cover/cover.coe'
generate_target {instantiation_template} [get_files c:/Users/86198/Desktop/vivadoProject/PopStar/PopStar.srcs/sources_1/ip/blk_mem_gen_0/blk_mem_gen_0.xci]
INFO: [IP_Flow 19-1686] Generating 'Instantiation Template' target for IP 'blk_mem_gen_0'...
update_compile_order -fileset sources_1
generate_target all [get_files  c:/Users/86198/Desktop/vivadoProject/PopStar/PopStar.srcs/sources_1/ip/blk_mem_gen_0/blk_mem_gen_0.xci]
INFO: [IP_Flow 19-1686] Generating 'Synthesis' target for IP 'blk_mem_gen_0'...
INFO: [IP_Flow 19-1686] Generating 'Simulation' target for IP 'blk_mem_gen_0'...
INFO: [IP_Flow 19-1686] Generating 'Miscellaneous' target for IP 'blk_mem_gen_0'...
INFO: [IP_Flow 19-1686] Generating 'Change Log' target for IP 'blk_mem_gen_0'...
generate_target: Time (s): cpu = 00:00:28 ; elapsed = 00:00:38 . Memory (MB): peak = 1039.316 ; gain = 0.000
catch { config_ip_cache -export [get_ips -all blk_mem_gen_0] }
export_ip_user_files -of_objects [get_files c:/Users/86198/Desktop/vivadoProject/PopStar/PopStar.srcs/sources_1/ip/blk_mem_gen_0/blk_mem_gen_0.xci] -no_script -sync -force -quiet
create_ip_run [get_files -of_objects [get_fileset sources_1] c:/Users/86198/Desktop/vivadoProject/PopStar/PopStar.srcs/sources_1/ip/blk_mem_gen_0/blk_mem_gen_0.xci]
INFO: [Common 17-41] Interrupt caught. Command should exit soon.
launch_runs blk_mem_gen_0_synth_1 -jobs 8
[Fri Jan  5 17:22:01 2024] Launched blk_mem_gen_0_synth_1...
Run output will be captured here: C:/Users/86198/Desktop/vivadoProject/PopStar/PopStar.runs/blk_mem_gen_0_synth_1/runme.log
export_simulation -of_objects [get_files c:/Users/86198/Desktop/vivadoProject/PopStar/PopStar.srcs/sources_1/ip/blk_mem_gen_0/blk_mem_gen_0.xci] -directory C:/Users/86198/Desktop/vivadoProject/PopStar/PopStar.ip_user_files/sim_scripts -ip_user_files_dir C:/Users/86198/Desktop/vivadoProject/PopStar/PopStar.ip_user_files -ipstatic_source_dir C:/Users/86198/Desktop/vivadoProject/PopStar/PopStar.ip_user_files/ipstatic -lib_map_path [list {modelsim=C:/Users/86198/Desktop/vivadoProject/PopStar/PopStar.cache/compile_simlib/modelsim} {questa=C:/Users/86198/Desktop/vivadoProject/PopStar/PopStar.cache/compile_simlib/questa} {riviera=C:/Users/86198/Desktop/vivadoProject/PopStar/PopStar.cache/compile_simlib/riviera} {activehdl=C:/Users/86198/Desktop/vivadoProject/PopStar/PopStar.cache/compile_simlib/activehdl}] -use_ip_compiled_libs -force -quiet
exit
INFO: [Common 17-206] Exiting Vivado at Fri Jan  5 19:28:42 2024...
